
                                DATE: 11/ 1/2021
                                  TIME: 22:25


                                L I S R E L  8.80

                                       BY

                         Karl G. J”reskog & Dag S”rbom



                    This program is published exclusively by
                    Scientific Software International, Inc.
                       7383 N. Lincoln Avenue, Suite 100
                        Lincolnwood, IL 60712, U.S.A. 
            Phone: (800)247-6113, (847)675-0720, Fax: (847)675-2140
        Copyright by Scientific Software International, Inc., 1981-2006 
          Use of this program is subject to the terms specified in the
                        Universal Copyright Convention.
                          Website: www.ssicentral.com

 The following lines were read from file F:\Articulo Fluir\00 Subir\00 Nuevo articulo\Muestra\Analisis\fluir.PR2:

 CFA MODEL - ORDINAL
 OBSERVED VARIABLES:
 F1 F2 F3 F4 F5 F6 F7 F8 F9 F10
 Correlation Matrix from File fluir.pcm
 Asymptotic Covariance Matrix from File fluir.ACC
 Sample Size 882
 Latent Variables: A F
 Relationships:
 F1 F3 F6 F10 = A
 F2 F4 F5 F7 F8 F9 = F
 LISREL Output: ND=3 SC ME=DWLS
 Set the Error Covariance of F7 and F8
 Set the Error Covariance of F8 and F9
 Path Diagram
 End of Problem

 CFA MODEL - ORDINAL                                                            

         Correlation Matrix      

                  F1         F2         F3         F4         F5         F6   
            --------   --------   --------   --------   --------   --------
       F1      1.000
       F2      0.262      1.000
       F3      0.103      0.205      1.000
       F4      0.085      0.214      0.437      1.000
       F5      0.115      0.389      0.285      0.343      1.000
       F6      0.164      0.202      0.396      0.334      0.415      1.000
       F7      0.178      0.302      0.232      0.266      0.337      0.419
       F8      0.188      0.241      0.064      0.130      0.293      0.256
       F9      0.158      0.328      0.042      0.130      0.289      0.176
      F10      0.075      0.127      0.357      0.264      0.160      0.419

         Correlation Matrix      

                  F7         F8         F9        F10   
            --------   --------   --------   --------
       F7      1.000
       F8      0.484      1.000
       F9      0.367      0.638      1.000
      F10      0.239      0.098      0.138      1.000


 CFA MODEL - ORDINAL                                                            

 Parameter Specifications

         LAMBDA-X    

                   A          F
            --------   --------
       F1          1          0
       F2          0          2
       F3          3          0
       F4          0          4
       F5          0          5
       F6          6          0
       F7          0          7
       F8          0          8
       F9          0          9
      F10         10          0

         PHI         

                   A          F
            --------   --------
        A          0
        F         11          0

         THETA-DELTA 

                  F1         F2         F3         F4         F5         F6
            --------   --------   --------   --------   --------   --------
       F1         12
       F2          0         13
       F3          0          0         14
       F4          0          0          0         15
       F5          0          0          0          0         16
       F6          0          0          0          0          0         17
       F7          0          0          0          0          0          0
       F8          0          0          0          0          0          0
       F9          0          0          0          0          0          0
      F10          0          0          0          0          0          0

         THETA-DELTA 

                  F7         F8         F9        F10
            --------   --------   --------   --------
       F7         18
       F8         19         20
       F9          0         21         22
      F10          0          0          0         23
 


 CFA MODEL - ORDINAL                                                            

 Number of Iterations =  8

 LISREL Estimates (Robust Diagonally Weighted Least Squares)     

         LAMBDA-X    

                   A          F   
            --------   --------
       F1      0.289       - - 
             (0.045)
               6.392
       F2       - -       0.518
                        (0.040)
                         13.103
       F3      0.563       - - 
             (0.039)
              14.472
       F4       - -       0.531
                        (0.041)
                         12.924
       F5       - -       0.644
                        (0.033)
                         19.285
       F6      0.757       - - 
             (0.034)
              22.220
       F7       - -       0.613
                        (0.036)
                         16.829
       F8       - -       0.377
                        (0.043)
                          8.738
       F9       - -       0.422
                        (0.041)
                         10.231
      F10      0.498       - - 
             (0.041)
              12.220

         PHI         

                   A          F   
            --------   --------
        A      1.000
        F      0.783      1.000
             (0.041)
              18.922

         THETA-DELTA 

                  F1         F2         F3         F4         F5         F6   
            --------   --------   --------   --------   --------   --------
       F1      0.917
             (0.074)
              12.386
       F2       - -       0.731
                        (0.079)
                          9.220
       F3       - -        - -       0.683
                                   (0.073)
                                     9.415
       F4       - -        - -        - -       0.718
                                              (0.076)
                                                9.505
       F5       - -        - -        - -        - -       0.585
                                                         (0.076)
                                                           7.649
       F6       - -        - -        - -        - -        - -       0.427
                                                                    (0.084)
                                                                      5.072
       F7       - -        - -        - -        - -        - -        - - 
       F8       - -        - -        - -        - -        - -        - - 
       F9       - -        - -        - -        - -        - -        - - 
      F10       - -        - -        - -        - -        - -        - - 

         THETA-DELTA 

                  F7         F8         F9        F10   
            --------   --------   --------   --------
       F7      0.625
             (0.078)
               8.047
       F8      0.253      0.858
             (0.035)    (0.075)
               7.177     11.510
       F9       - -       0.479      0.822
                        (0.036)    (0.077)
                         13.305     10.745
      F10       - -        - -        - -       0.752
                                              (0.081)
                                                9.324

         Squared Multiple Correlations for X - Variables         

                  F1         F2         F3         F4         F5         F6   
            --------   --------   --------   --------   --------   --------
               0.083      0.269      0.317      0.282      0.415      0.573

         Squared Multiple Correlations for X - Variables         

                  F7         F8         F9        F10   
            --------   --------   --------   --------
               0.375      0.142      0.178      0.248


                           Goodness of Fit Statistics

                             Degrees of Freedom = 32
       Normal Theory Weighted Least Squares Chi-Square = 318.355 (P = 0.0)
              Satorra-Bentler Scaled Chi-Square = 200.655 (P = 0.0)
            Chi-Square Corrected for Non-Normality = 181.066 (P = 0.0)
                Estimated Non-centrality Parameter (NCP) = 168.655
           90 Percent Confidence Interval for NCP = (127.644 ; 217.168)
 
                        Minimum Fit Function Value = 0.189
                Population Discrepancy Function Value (F0) = 0.191
             90 Percent Confidence Interval for F0 = (0.145 ; 0.247)
             Root Mean Square Error of Approximation (RMSEA) = 0.0773
           90 Percent Confidence Interval for RMSEA = (0.0673 ; 0.0878)
               P-Value for Test of Close Fit (RMSEA < 0.05) = 0.000
 
                  Expected Cross-Validation Index (ECVI) = 0.280
            90 Percent Confidence Interval for ECVI = (0.233 ; 0.335)
                         ECVI for Saturated Model = 0.125
                       ECVI for Independence Model = 3.610
 
     Chi-Square for Independence Model with 45 Degrees of Freedom = 3160.791
                           Independence AIC = 3180.791
                               Model AIC = 246.655
                             Saturated AIC = 110.000
                           Independence CAIC = 3238.612
                               Model CAIC = 379.645
                             Saturated CAIC = 428.021
 
                          Normed Fit Index (NFI) = 0.937
                       Non-Normed Fit Index (NNFI) = 0.924
                    Parsimony Normed Fit Index (PNFI) = 0.666
                       Comparative Fit Index (CFI) = 0.946
                       Incremental Fit Index (IFI) = 0.946
                         Relative Fit Index (RFI) = 0.911
 
                            Critical N (CN) = 235.854
 
 
                     Root Mean Square Residual (RMR) = 0.0649
                            Standardized RMR = 0.0649
                       Goodness of Fit Index (GFI) = 0.978
                  Adjusted Goodness of Fit Index (AGFI) = 0.961
                  Parsimony Goodness of Fit Index (PGFI) = 0.569

 CFA MODEL - ORDINAL                                                            

 Standardized Solution           

         LAMBDA-X    

                   A          F   
            --------   --------
       F1      0.289       - - 
       F2       - -       0.518
       F3      0.563       - - 
       F4       - -       0.531
       F5       - -       0.644
       F6      0.757       - - 
       F7       - -       0.613
       F8       - -       0.377
       F9       - -       0.422
      F10      0.498       - - 

         PHI                                     

                   A          F   
            --------   --------
        A      1.000
        F      0.783      1.000

 CFA MODEL - ORDINAL                                                            

 Completely Standardized Solution

         LAMBDA-X    

                   A          F   
            --------   --------
       F1      0.289       - - 
       F2       - -       0.518
       F3      0.563       - - 
       F4       - -       0.531
       F5       - -       0.644
       F6      0.757       - - 
       F7       - -       0.613
       F8       - -       0.377
       F9       - -       0.422
      F10      0.498       - - 

         PHI                                     

                   A          F   
            --------   --------
        A      1.000
        F      0.783      1.000

         THETA-DELTA 

                  F1         F2         F3         F4         F5         F6   
            --------   --------   --------   --------   --------   --------
       F1      0.917
       F2       - -       0.731
       F3       - -        - -       0.683
       F4       - -        - -        - -       0.718
       F5       - -        - -        - -        - -       0.585
       F6       - -        - -        - -        - -        - -       0.427
       F7       - -        - -        - -        - -        - -        - - 
       F8       - -        - -        - -        - -        - -        - - 
       F9       - -        - -        - -        - -        - -        - - 
      F10       - -        - -        - -        - -        - -        - - 

         THETA-DELTA 

                  F7         F8         F9        F10   
            --------   --------   --------   --------
       F7      0.625
       F8      0.253      0.858
       F9       - -       0.479      0.822
      F10       - -        - -        - -       0.752

                           Time used:    0.016 Seconds
